[debug] [2022-05-21T02:28:19.789Z] ----------------------------------------------------------------------
[debug] [2022-05-21T02:28:19.790Z] Command:       /usr/local/bin/node /usr/local/bin/firebase emulators:start --only functions
[debug] [2022-05-21T02:28:19.791Z] CLI Version:   11.0.0
[debug] [2022-05-21T02:28:19.791Z] Platform:      linux
[debug] [2022-05-21T02:28:19.791Z] Node Version:  v16.14.2
[debug] [2022-05-21T02:28:19.791Z] Time:          Fri May 20 2022 23:28:19 GMT-0300 (Brasilia Standard Time)
[debug] [2022-05-21T02:28:19.791Z] ----------------------------------------------------------------------
[debug] 
[debug] [2022-05-21T02:28:19.844Z] > command requires scopes: ["email","openid","https://www.googleapis.com/auth/cloudplatformprojects.readonly","https://www.googleapis.com/auth/firebase","https://www.googleapis.com/auth/cloud-platform"]
[debug] [2022-05-21T02:28:19.844Z] > authorizing via signed-in user (diasjoaovitor1997@gmail.com)
[info] i  emulators: Starting emulators: functions {"metadata":{"emulator":{"name":"hub"},"message":"Starting emulators: functions"}}
[debug] [2022-05-21T02:28:19.865Z] [hub] writing locator at /tmp/hub-pedidos-78c30.json
[warn] ⚠  functions: The following emulators are not running, calls to these services from the Functions emulator will affect production: auth, firestore, database, hosting, pubsub, storage {"metadata":{"emulator":{"name":"functions"},"message":"The following emulators are not running, calls to these services from the Functions emulator will affect production: \u001b[1mauth, firestore, database, hosting, pubsub, storage\u001b[22m"}}
[info] ✔  functions: Using node@16 from host. {"metadata":{"emulator":{"name":"functions"},"message":"Using node@16 from host."}}
[debug] [2022-05-21T02:28:19.884Z] defaultcredentials: writing to file /home/joaovitor/.config/firebase/diasjoaovitor1997_gmail_com_application_default_credentials.json
[debug] [2022-05-21T02:28:19.885Z] Setting GAC to /home/joaovitor/.config/firebase/diasjoaovitor1997_gmail_com_application_default_credentials.json {"metadata":{"emulator":{"name":"functions"},"message":"Setting GAC to /home/joaovitor/.config/firebase/diasjoaovitor1997_gmail_com_application_default_credentials.json"}}
[debug] [2022-05-21T02:28:19.887Z] >>> [apiv2][query] GET https://firebase.googleapis.com/v1beta1/projects/pedidos-78c30/adminSdkConfig [none]
[debug] [2022-05-21T02:28:21.257Z] <<< [apiv2][status] GET https://firebase.googleapis.com/v1beta1/projects/pedidos-78c30/adminSdkConfig 200
[debug] [2022-05-21T02:28:21.258Z] <<< [apiv2][body] GET https://firebase.googleapis.com/v1beta1/projects/pedidos-78c30/adminSdkConfig {"projectId":"pedidos-78c30","storageBucket":"pedidos-78c30.appspot.com","locationId":"southamerica-east1"}
[debug] [2022-05-21T02:28:21.277Z] Ignoring unsupported arg: auto_download {"metadata":{"emulator":{"name":"ui"},"message":"Ignoring unsupported arg: auto_download"}}
[debug] [2022-05-21T02:28:21.277Z] Ignoring unsupported arg: port {"metadata":{"emulator":{"name":"ui"},"message":"Ignoring unsupported arg: port"}}
[debug] [2022-05-21T02:28:21.277Z] Starting Emulator UI with command {"binary":"node","args":["--dns-result-order=ipv4first","/home/joaovitor/.cache/firebase/emulators/ui-v1.7.0/server.bundle.js"],"optionalArgs":[],"joinArgs":false} {"metadata":{"emulator":{"name":"ui"},"message":"Starting Emulator UI with command {\"binary\":\"node\",\"args\":[\"--dns-result-order=ipv4first\",\"/home/joaovitor/.cache/firebase/emulators/ui-v1.7.0/server.bundle.js\"],\"optionalArgs\":[],\"joinArgs\":false}"}}
[info] i  ui: Emulator UI logging to ui-debug.log {"metadata":{"emulator":{"name":"ui"},"message":"Emulator UI logging to \u001b[1mui-debug.log\u001b[22m"}}
[debug] [2022-05-21T02:28:21.366Z] Web / API server started at localhost:4000
 {"metadata":{"emulator":{"name":"ui"},"message":"Web / API server started at localhost:4000\n"}}
[info] i  functions: Watching "/home/joaovitor/Github/pedidos-graphql-api/functions" for Cloud Functions... {"metadata":{"emulator":{"name":"functions"},"message":"Watching \"/home/joaovitor/Github/pedidos-graphql-api/functions\" for Cloud Functions..."}}
[debug] [2022-05-21T02:28:21.561Z] Validating nodejs source
[debug] [2022-05-21T02:28:28.967Z] > [functions] package.json contents: {
  "name": "functions",
  "description": "Cloud Functions for Firebase",
  "scripts": {
    "serve": "firebase emulators:start --only functions",
    "shell": "firebase functions:shell",
    "start": "npm run shell",
    "deploy": "firebase deploy --only functions",
    "logs": "firebase functions:log"
  },
  "engines": {
    "node": "16"
  },
  "main": "index.js",
  "type": "module",
  "dependencies": {
    "firebase-admin": "^10.0.2",
    "firebase-functions": "^3.18.0",
    "graphql": "^16.5.0",
    "graphql-yoga": "^2.6.0"
  },
  "devDependencies": {
    "eslint": "^8.9.0",
    "eslint-config-google": "^0.14.0",
    "firebase-functions-test": "^0.2.0"
  },
  "private": true
}
[debug] [2022-05-21T02:28:28.967Z] Building nodejs source
[debug] [2022-05-21T02:28:28.968Z] Analyzing nodejs backend spec
[debug] [2022-05-21T02:28:28.969Z] Could not find functions.yaml. Must use http discovery
[debug] [2022-05-21T02:28:29.094Z] Serving at port 9005

[debug] [2022-05-21T02:28:29.548Z] Got response from /__/functions.yaml {"endpoints":{},"specVersion":"v1alpha1","requiredAPIs":[]}
[debug] [2022-05-21T02:28:29.557Z] shutdown requested via /__/quitquitquit

[info] 
┌─────────────────────────────────────────────────────────────┐
│ ✔  All emulators ready! It is now safe to connect your app. │
│ i  View Emulator UI at http://localhost:4000                │
└─────────────────────────────────────────────────────────────┘

┌───────────┬────────────────┬─────────────────────────────────┐
│ Emulator  │ Host:Port      │ View in Emulator UI             │
├───────────┼────────────────┼─────────────────────────────────┤
│ Functions │ localhost:5001 │ http://localhost:4000/functions │
└───────────┴────────────────┴─────────────────────────────────┘
  Emulator Hub running at localhost:4400
  Other reserved ports: 4500

Issues? Report them at https://github.com/firebase/firebase-tools/issues and attach the *-debug.log files.
 
[debug] [2022-05-21T02:28:55.729Z] File /home/joaovitor/Github/pedidos-graphql-api/functions/index.js changed, reloading triggers {"metadata":{"emulator":{"name":"functions"},"message":"File /home/joaovitor/Github/pedidos-graphql-api/functions/index.js changed, reloading triggers"}}
[debug] [2022-05-21T02:28:56.735Z] Validating nodejs source
[debug] [2022-05-21T02:28:58.157Z] > [functions] package.json contents: {
  "name": "functions",
  "description": "Cloud Functions for Firebase",
  "scripts": {
    "serve": "firebase emulators:start --only functions",
    "shell": "firebase functions:shell",
    "start": "npm run shell",
    "deploy": "firebase deploy --only functions",
    "logs": "firebase functions:log"
  },
  "engines": {
    "node": "16"
  },
  "main": "index.js",
  "type": "module",
  "dependencies": {
    "firebase-admin": "^10.0.2",
    "firebase-functions": "^3.18.0",
    "graphql": "^16.5.0",
    "graphql-yoga": "^2.6.0"
  },
  "devDependencies": {
    "eslint": "^8.9.0",
    "eslint-config-google": "^0.14.0",
    "firebase-functions-test": "^0.2.0"
  },
  "private": true
}
[debug] [2022-05-21T02:28:58.158Z] Building nodejs source
[debug] [2022-05-21T02:28:58.158Z] Analyzing nodejs backend spec
[debug] [2022-05-21T02:28:58.158Z] Could not find functions.yaml. Must use http discovery
[debug] [2022-05-21T02:28:58.280Z] Serving at port 9005

[debug] [2022-05-21T02:28:58.758Z] Got response from /__/functions.yaml {"endpoints":{"default":{"platform":"gcfv1","httpsTrigger":{},"entryPoint":"default"}},"specVersion":"v1alpha1","requiredAPIs":[]}
[debug] [2022-05-21T02:28:58.774Z] shutdown requested via /__/quitquitquit

[info] ✔  functions[us-central1-default]: http function initialized (http://localhost:5001/pedidos-78c30/us-central1/default). {"metadata":{"emulator":{"name":"functions"},"message":"\u001b[1mhttp\u001b[22m function initialized (http://localhost:5001/pedidos-78c30/us-central1/default)."}}
